<?xml version="1.0" encoding="UTF-8"?>
<!-- Generated by org.testng.reporters.JUnitReportReporter -->
<testsuite hostname="Oranium_Tech" failures="0" tests="2" name="tests.LoginTest" time="5.097" errors="0" timestamp="2023-10-30T20:04:25 IST" skipped="0">
  <testcase classname="tests.LoginTest" name="performLogin" time="3.086"/>
  <system-out/>
  <testcase classname="tests.LoginTest" name="userOnHomePage" time="2.011"/>
  <system-out/>
</testsuite> <!-- tests.LoginTest -->
